2024-11-12 10:33:53 - DEBUG - recToPol function, magnetude = 2.23606797749979
2024-11-12 10:33:53 - DEBUG - recToPol function, argument = 63.43494882292201
2024-11-12 10:33:53 - DEBUG - recToPol function, magnetude = 2.23606797749979
2024-11-12 10:33:53 - DEBUG - recToPol function, argument = 63.43494882292201
2024-11-12 12:35:07 - DEBUG - recToPol function, magnetude = 2.23606797749979
2024-11-12 12:35:07 - DEBUG - recToPol function, argument = 63.43494882292201
2024-11-12 12:35:07 - DEBUG - recToPol function, magnetude = 2.23606797749979
2024-11-12 12:35:07 - DEBUG - recToPol function, argument = 63.43494882292201
2024-11-18 14:06:49 - DEBUG - recToPol function, magnetude = 1.4142135623730951
2024-11-18 14:06:49 - DEBUG - recToPol function, argument = -45.0
2024-11-18 14:06:49 - DEBUG - recToPol function, magnetude = 0.7071067811865475
2024-11-18 14:06:49 - DEBUG - recToPol function, argument = 75.0
2024-11-18 14:09:51 - DEBUG - recToPol function, magnetude = 1.4142135623730951
2024-11-18 14:09:51 - DEBUG - recToPol function, argument = -45.0
2024-11-18 14:10:03 - DEBUG - recToPol function, magnetude = 1.4142135623730951
2024-11-18 14:10:03 - DEBUG - recToPol function, argument = -45.0
2024-11-18 14:10:03 - DEBUG - recToPol function, magnetude = 0.7071067811865475
2024-11-18 14:10:03 - DEBUG - recToPol function, argument = 75.0
2024-11-18 15:43:04 - DEBUG - recToExp function, magnetude = 59.17823486814222
2024-11-18 15:43:04 - DEBUG - recToExp function, argument = 0.2915770695056689
2024-11-18 15:46:19 - DEBUG - recToExp function, magnetude = 59.17823486814222
2024-11-18 15:46:19 - DEBUG - recToExp function, argument = 0.2915770695056689
2024-11-18 15:46:45 - DEBUG - recToExp function, magnetude = 59.17823486814222
2024-11-18 15:46:45 - DEBUG - recToExp function, argument = 0.2915770695056689
2024-11-18 15:48:45 - DEBUG - recToExp function, magnetude = 59.17823486814222
2024-11-18 15:48:45 - DEBUG - recToExp function, argument = 0.2915770695056689
2024-11-18 15:50:42 - DEBUG - recToExp function, magnetude = 59.17823486814222
2024-11-18 15:50:42 - DEBUG - recToExp function, argument = 0.2915770695056689
2024-11-18 15:51:06 - DEBUG - recToExp function, magnetude = 59.17823486814222
2024-11-18 15:51:06 - DEBUG - recToExp function, argument = 0.2915770695056689
2024-11-18 15:51:06 - DEBUG - recToExp function, magnetude = 62.15184970556709
2024-11-18 15:51:06 - DEBUG - recToExp function, argument = 0.31541887133547825
2024-11-18 15:51:42 - DEBUG - recToExp function, magnetude = 59.17823486814222
2024-11-18 15:51:42 - DEBUG - recToExp function, argument = 0.2915770695056689
2024-11-18 15:51:42 - DEBUG - recToExp function, magnetude = 62.15184970556709
2024-11-18 15:51:42 - DEBUG - recToExp function, argument = 0.31541887133547825
2024-11-18 15:52:03 - DEBUG - recToExp function, magnetude = 59.17823486814222
2024-11-18 15:52:03 - DEBUG - recToExp function, argument = 0.2915770695056689
2024-11-18 15:52:03 - DEBUG - recToExp function, magnetude = 62.15184970556709
2024-11-18 15:52:03 - DEBUG - recToExp function, argument = 0.31541887133547825
2024-11-18 15:52:34 - DEBUG - recToExp function, magnetude = 59.17823486814222
2024-11-18 15:52:34 - DEBUG - recToExp function, argument = 0.2915770695056689
2024-11-18 15:52:34 - DEBUG - recToExp function, magnetude = 62.15184970556709
2024-11-18 15:52:34 - DEBUG - recToExp function, argument = 0.31541887133547825
2024-11-18 15:54:31 - DEBUG - recToExp function, magnetude = 59.17823486814222
2024-11-18 15:54:31 - DEBUG - recToExp function, argument = 16.706135485467485
2024-11-18 15:54:31 - DEBUG - recToExp function, magnetude = 62.15184970556709
2024-11-18 15:54:31 - DEBUG - recToExp function, argument = 18.072170106302842
